[debug] > Exec(early(addDefaultCommands), None, None)
[debug] > Exec(addDefaultCommands, None, None)
[debug] > Exec(early(initialize), None, None)
[debug] > Exec(initialize, None, None)
[debug] > Exec(boot, None, None)
[debug] > Exec(writeSbtVersion, None, None)
[info] Updated file /home/ubuntu/Kubernetes/spark/sales/scala/bronze_to_silver/project/build.properties: set sbt.version to 1.12.9
[debug] > Exec(reload, None, None)
[debug] > Exec(sbtStashOnFailure, None, None)
[debug] > Exec(onFailure loadFailed, None, None)
[debug] > Exec(loadp, None, None)
[info] welcome to sbt 1.12.9 (Ubuntu Java 17.0.18)
[debug] Load.defaultLoad until apply took 442.674708ms
[debug]           Load.loadUnit: plugins took 209.25157ms
[debug]           Load.loadUnit: defsScala took 0.573257ms
[debug] [Loading] Scanning directory /home/ubuntu/Kubernetes/spark/sales/scala/bronze_to_silver/project
[debug]             Load.loadUnit: mkEval took 45.074199ms
[debug] [Loading] Found non-root projects 
[debug] [Loading] Done in /home/ubuntu/Kubernetes/spark/sales/scala/bronze_to_silver/project, returning: ()
[debug] deducing auto plugins based on known facts Set(Atom(sbt.plugins.CorePlugin)) and clauses Clauses(Clause(Atom(sbt.plugins.JvmPlugin),Set(Atom(sbt.plugins.IvyPlugin)))
[debug] Clause(Atom(sbt.ScriptedPlugin),Set(Atom(sbt.plugins.JvmPlugin)))
[debug] Clause(Atom(sbt.plugins.SbtPlugin),Set(Atom(sbt.ScriptedPlugin)))
[debug] Clause(Atom(sbt.plugins.SemanticdbPlugin),Set(Atom(sbt.plugins.JvmPlugin)))
[debug] Clause(Atom(sbt.plugins.JUnitXmlReportPlugin),Set(Atom(sbt.plugins.JvmPlugin)))
[debug] Clause(Atom(sbt.plugins.MiniDependencyTreePlugin),Set(Atom(sbt.plugins.JvmPlugin)))
[debug] Clause(Atom(sbt.plugins.CorePlugin),Set(Atom(sbt.plugins.IvyPlugin)))
[debug] Clause(Atom(sbt.plugins.IvyPlugin),Set(Atom(sbt.plugins.JvmPlugin)))
[debug] Clause(Atom(sbt.plugins.JvmPlugin),Set(Atom(sbt.plugins.SemanticdbPlugin)))
[debug] Clause(Atom(sbt.plugins.JvmPlugin),Set(Atom(sbt.plugins.JUnitXmlReportPlugin)))
[debug] Clause(Atom(sbt.plugins.CorePlugin),Set(Atom(sbt.plugins.Giter8TemplatePlugin)))
[debug] Clause(Atom(sbt.plugins.JvmPlugin),Set(Atom(sbt.plugins.MiniDependencyTreePlugin))))
[debug]   :: deduced result: Matched(sbt.plugins.CorePlugin,sbt.plugins.Giter8TemplatePlugin,sbt.plugins.IvyPlugin,sbt.plugins.JvmPlugin,sbt.plugins.MiniDependencyTreePlugin,sbt.plugins.JUnitXmlReportPlugin,sbt.plugins.SemanticdbPlugin)
[debug] Plugins.deducer#function took 33.433368 ms
[info] loading settings for project bronze_to_silver-build from plugins.sbt...
[debug]               Load.resolveProject(bronze_to_silver-build) took 75.304487ms
[debug]             Load.loadTransitive: finalizeProject(Project(id bronze_to_silver-build, base: /home/ubuntu/Kubernetes/spark/sales/scala/bronze_to_silver/project, plugins: List(<none>))) took 128.235302ms
[debug] [Loading] Done in /home/ubuntu/Kubernetes/spark/sales/scala/bronze_to_silver/project, returning: (bronze_to_silver-build)
[debug]           Load.loadUnit: loadedProjectsRaw took 7092.261407ms
[debug]           Load.loadUnit: cleanEvalClasses took 11.224416ms
[debug]         Load.loadUnit(file:/home/ubuntu/Kubernetes/spark/sales/scala/bronze_to_silver/project/, ...) took 7326.003972ms
[debug]       Load.apply: load took 7663.35653ms
[debug]       Load.apply: resolveProjects took 15.399098ms
[debug]       Load.apply: finalTransforms took 173.25242ms
[debug]       Load.apply: config.delegates took 14.406415ms
[debug]       Load.apply: Def.make(settings)... took 1845.92602ms
[debug]       Load.apply: structureIndex took 299.878922ms
[debug]       Load.apply: mkStreams took 2.702333ms
[info] loading project definition from /home/ubuntu/Kubernetes/spark/sales/scala/bronze_to_silver/project
[debug] Running task... Cancel: Signal, check cycles: false, forcegc: true
[debug]     Load.loadUnit: plugins took 17290.342236ms
[debug]     Load.loadUnit: defsScala took 0.00549ms
[debug] [Loading] Scanning directory /home/ubuntu/Kubernetes/spark/sales/scala/bronze_to_silver
[debug]       Load.loadUnit: mkEval took 0.587437ms
